<?xml version="1.0" encoding="UTF-8" ?>
<testsuite errors="0" failures="0" hostname="AC-INFOTECH-INCs-Mac-mini.local" name="com.selenium.Sele2" tests="1" time="32.308" timestamp="2014-05-20T10:36:37">
  <properties>
    <property name="java.vendor" value="Apple Inc." />
    <property name="sun.java.launcher" value="SUN_STANDARD" />
    <property name="eclipse.pdebuild.templates" value="/Applications/eclipse/plugins/org.eclipse.pde.build_3.6.2.R36x_20110203/templates//" />
    <property name="ant.file.Samp" value="/Users/acinfotechinc/NewEclipse060514/Samp/build.xml" />
    <property name="sun.management.compiler" value="HotSpot 64-Bit Tiered Compilers" />
    <property name="https.proxyHost" value="192.168.3.1" />
    <property name="os.name" value="Mac OS X" />
    <property name="sun.boot.class.path" value="/System/Library/Java/JavaVirtualMachines/1.6.0.jdk/Contents/Classes/jsfd.jar:/System/Library/Java/JavaVirtualMachines/1.6.0.jdk/Contents/Classes/classes.jar:/System/Library/Frameworks/JavaVM.framework/Frameworks/JavaRuntimeSupport.framework/Resources/Java/JavaRuntimeSupport.jar:/System/Library/Java/JavaVirtualMachines/1.6.0.jdk/Contents/Classes/ui.jar:/System/Library/Java/JavaVirtualMachines/1.6.0.jdk/Contents/Classes/laf.jar:/System/Library/Java/JavaVirtualMachines/1.6.0.jdk/Contents/Classes/sunrsasign.jar:/System/Library/Java/JavaVirtualMachines/1.6.0.jdk/Contents/Classes/jsse.jar:/System/Library/Java/JavaVirtualMachines/1.6.0.jdk/Contents/Classes/jce.jar:/System/Library/Java/JavaVirtualMachines/1.6.0.jdk/Contents/Classes/charsets.jar" />
    <property name="env.TMPDIR" value="/var/folders/r6/r6k6d+wxG6iIYwr6yh4FYE+++TI/-Tmp-/" />
    <property name="java.vm.specification.vendor" value="Sun Microsystems Inc." />
    <property name="ant.home" value="/Applications/eclipse/plugins/org.apache.ant_1.7.1.v20100518-1145" />
    <property name="java.runtime.version" value="1.6.0_65-b14-462-10M4609" />
    <property name="env.Apple_PubSub_Socket_Render" value="/tmp/launch-XIS43K/Render" />
    <property name="env.DISPLAY" value="/tmp/launch-wfP4Km/org.x:0" />
    <property name="user.name" value="acinfotechinc" />
    <property name="env.USER" value="acinfotechinc" />
    <property name="env.SHELL" value="/bin/bash" />
    <property name="env.__CF_USER_TEXT_ENCODING" value="0x1F5:0:0" />
    <property name="awt.nativeDoubleBuffering" value="true" />
    <property name="env.PATH" value="/usr/bin:/bin:/usr/sbin:/sbin" />
    <property name="user.language" value="en" />
    <property name="sun.boot.library.path" value="/System/Library/Java/JavaVirtualMachines/1.6.0.jdk/Contents/Libraries" />
    <property name="ant.project.name" value="Samp" />
    <property name="java.version" value="1.6.0_65" />
    <property name="user.timezone" value="" />
    <property name="sun.arch.data.model" value="64" />
    <property name="env.JAVA_STARTED_ON_FIRST_THREAD_34655" value="1" />
    <property name="http.nonProxyHosts" value="github.com|*.github.com|50.62.81.215|http|*.http" />
    <property name="java.endorsed.dirs" value="/System/Library/Java/JavaVirtualMachines/1.6.0.jdk/Contents/Home/lib/endorsed" />
    <property name="sun.cpu.isalist" value="" />
    <property name="sun.jnu.encoding" value="MacRoman" />
    <property name="file.encoding.pkg" value="sun.io" />
    <property name="ECLIPSE_HOME" value="../../../../Applications/eclipse" />
    <property name="file.separator" value="/" />
    <property name="java.specification.name" value="Java Platform API Specification" />
    <property name="env.APP_ICON_12964" value="../Resources/Eclipse.icns" />
    <property name="java.class.version" value="50.0" />
    <property name="user.country" value="US" />
    <property name="java.home" value="/System/Library/Java/JavaVirtualMachines/1.6.0.jdk/Contents/Home" />
    <property name="env.JAVA_STARTED_ON_FIRST_THREAD_12964" value="1" />
    <property name="java.vm.info" value="mixed mode" />
    <property name="env.LOGNAME" value="acinfotechinc" />
    <property name="ant.file" value="/Users/acinfotechinc/NewEclipse060514/Samp/build.xml" />
    <property name="os.version" value="10.6.8" />
    <property name="https.proxyPort" value="8080" />
    <property name="ftp.proxyHost" value="192.168.3.1" />
    <property name="path.separator" value=":" />
    <property name="java.vm.version" value="20.65-b04-462" />
    <property name="ant.library.dir" value="/Applications/eclipse/plugins/org.apache.ant_1.7.1.v20100518-1145/lib" />
    <property name="junit.output.dir" value="junit" />
    <property name="env.JAVA_MAIN_CLASS_34655" value="org.eclipse.ant.internal.launching.remote.InternalAntRunner" />
    <property name="env.JAVA_HOME" value="/System/Library/Java/JavaVirtualMachines/1.6.0.jdk/Contents/Home" />
    <property name="java.awt.printerjob" value="apple.awt.CPrinterJob" />
    <property name="sun.io.unicode.encoding" value="UnicodeLittle" />
    <property name="awt.toolkit" value="apple.awt.CToolkit" />
    <property name="socksNonProxyHosts" value="github.com|*.github.com|50.62.81.215|http|*.http" />
    <property name="ftp.nonProxyHosts" value="github.com|*.github.com|50.62.81.215|http|*.http" />
    <property name="eclipse.pdebuild.scripts" value="/Applications/eclipse/plugins/org.eclipse.pde.build_3.6.2.R36x_20110203/scripts//" />
    <property name="user.home" value="/Users/acinfotechinc" />
    <property name="target" value="1.6" />
    <property name="java.specification.vendor" value="Sun Microsystems Inc." />
    <property name="java.library.path" value=".:/Library/Java/Extensions:/System/Library/Java/Extensions:/usr/lib/java" />
    <property name="java.vendor.url" value="http://www.apple.com/" />
    <property name="java.vm.vendor" value="Apple Inc." />
    <property name="gopherProxySet" value="false" />
    <property name="java.runtime.name" value="Java(TM) SE Runtime Environment" />
    <property name="sun.java.command" value="org.apache.tools.ant.taskdefs.optional.junit.JUnitTestRunner com.selenium.Sele2 filtertrace=true haltOnError=false haltOnFailure=false formatter=org.apache.tools.ant.taskdefs.optional.junit.OutErrSummaryJUnitResultFormatter showoutput=false outputtoformatters=true logtestlistenerevents=true formatter=org.apache.tools.ant.taskdefs.optional.junit.XMLJUnitResultFormatter,/Users/acinfotechinc/NewEclipse060514/Samp/junit/TEST-com.selenium.Sele2.xml crashfile=/Users/acinfotechinc/NewEclipse060514/Samp/junitvmwatcher6319990562390159519.properties propsfile=/Users/acinfotechinc/NewEclipse060514/Samp/junit1035398008468408538.properties" />
    <property name="java.class.path" value="/Users/acinfotechinc/NewEclipse060514/Samp/bin:/Users/acinfotechinc/Downloads/selenium-2.39.0 2/libs/apache-mime4j-0.6.jar:/Users/acinfotechinc/Downloads/selenium-2.39.0 2/libs/bsh-1.3.0.jar:/Users/acinfotechinc/Downloads/selenium-2.39.0 2/libs/cglib-nodep-2.1_3.jar:/Users/acinfotechinc/Downloads/selenium-2.39.0 2/libs/commons-codec-1.8.jar:/Users/acinfotechinc/Downloads/selenium-2.39.0 2/libs/commons-collections-3.2.1.jar:/Users/acinfotechinc/Downloads/selenium-2.39.0 2/libs/commons-exec-1.1.jar:/Users/acinfotechinc/Downloads/selenium-2.39.0 2/libs/commons-io-2.2.jar:/Users/acinfotechinc/Downloads/selenium-2.39.0 2/libs/commons-jxpath-1.3.jar:/Users/acinfotechinc/Downloads/selenium-2.39.0 2/libs/commons-lang3-3.1.jar:/Users/acinfotechinc/Downloads/selenium-2.39.0 2/libs/commons-logging-1.1.1.jar:/Users/acinfotechinc/Downloads/selenium-2.39.0 2/libs/cssparser-0.9.11.jar:/Users/acinfotechinc/Downloads/selenium-2.39.0 2/libs/guava-15.0.jar:/Users/acinfotechinc/Downloads/selenium-2.39.0 2/libs/hamcrest-core-1.3.jar:/Users/acinfotechinc/Downloads/selenium-2.39.0 2/libs/hamcrest-library-1.3.jar:/Users/acinfotechinc/Downloads/selenium-2.39.0 2/libs/htmlunit-2.13.jar:/Users/acinfotechinc/Downloads/selenium-2.39.0 2/libs/htmlunit-core-js-2.13.jar:/Users/acinfotechinc/Downloads/selenium-2.39.0 2/libs/httpclient-4.3.1.jar:/Users/acinfotechinc/Downloads/selenium-2.39.0 2/libs/httpcore-4.3.jar:/Users/acinfotechinc/Downloads/selenium-2.39.0 2/libs/httpmime-4.3.1.jar:/Users/acinfotechinc/Downloads/selenium-2.39.0 2/libs/ini4j-0.5.2.jar:/Users/acinfotechinc/Downloads/selenium-2.39.0 2/libs/jcommander-1.29.jar:/Users/acinfotechinc/Downloads/selenium-2.39.0 2/libs/jetty-websocket-8.1.8.jar:/Users/acinfotechinc/Downloads/selenium-2.39.0 2/libs/jna-3.4.0.jar:/Users/acinfotechinc/Downloads/selenium-2.39.0 2/libs/jna-platform-3.4.0.jar:/Users/acinfotechinc/Downloads/selenium-2.39.0 2/libs/json-20080701.jar:/Users/acinfotechinc/Downloads/selenium-2.39.0 2/libs/junit-dep-4.11.jar:/Users/acinfotechinc/Downloads/selenium-2.39.0 2/libs/nekohtml-1.9.19.jar:/Users/acinfotechinc/Downloads/selenium-2.39.0 2/libs/netty-3.5.7.Final.jar:/Users/acinfotechinc/Downloads/selenium-2.39.0 2/libs/operadriver-1.5.jar:/Users/acinfotechinc/Downloads/selenium-2.39.0 2/libs/phantomjsdriver-1.0.4.jar:/Users/acinfotechinc/Downloads/selenium-2.39.0 2/libs/protobuf-java-2.4.1.jar:/Users/acinfotechinc/Downloads/selenium-2.39.0 2/libs/sac-1.3.jar:/Users/acinfotechinc/Downloads/selenium-2.39.0 2/libs/serializer-2.7.1.jar:/Users/acinfotechinc/Downloads/selenium-2.39.0 2/libs/testng-6.8.5.jar:/Users/acinfotechinc/Downloads/selenium-2.39.0 2/libs/xalan-2.7.1.jar:/Users/acinfotechinc/Downloads/selenium-2.39.0 2/libs/xercesImpl-2.10.0.jar:/Users/acinfotechinc/Downloads/selenium-2.39.0 2/libs/xml-apis-1.4.01.jar:/Users/acinfotechinc/Downloads/selenium-2.39.0 2/selenium-java-2.39.0-srcs.jar:/Users/acinfotechinc/Downloads/selenium-2.39.0 2/selenium-java-2.39.0.jar:/Applications/eclipse/plugins/org.apache.ant_1.7.1.v20100518-1145/lib/ant-launcher.jar:/Applications/eclipse/plugins/org.apache.ant_1.7.1.v20100518-1145/lib/ant.jar:/Applications/eclipse/plugins/org.apache.ant_1.7.1.v20100518-1145/lib/ant-junit.jar" />
    <property name="ant.version" value="Apache Ant version 1.7.1 compiled on June 27 2008" />
    <property name="env.com.apple.java.jvmMode" value="client" />
    <property name="java.vm.specification.name" value="Java Virtual Machine Specification" />
    <property name="java.vm.specification.version" value="1.0" />
    <property name="sun.os.patch.level" value="unknown" />
    <property name="sun.cpu.endian" value="little" />
    <property name="debuglevel" value="source,lines,vars" />
    <property name="env.HOME" value="/Users/acinfotechinc" />
    <property name="env.ANT_HOME" value="/Applications/eclipse/plugins/org.apache.ant_1.7.1.v20100518-1145" />
    <property name="java.io.tmpdir" value="/var/folders/r6/r6k6d+wxG6iIYwr6yh4FYE+++TI/-Tmp-/" />
    <property name="eclipse.pdebuild.home" value="/Applications/eclipse/plugins/org.eclipse.pde.build_3.6.2.R36x_20110203/.//" />
    <property name="java.vendor.url.bug" value="http://bugreport.apple.com/" />
    <property name="env.SSH_AUTH_SOCK" value="/tmp/launch-OquAPt/Listeners" />
    <property name="env.COMMAND_MODE" value="unix2003" />
    <property name="mrj.build" value="10M4609" />
    <property name="java.awt.graphicsenv" value="apple.awt.CGraphicsEnvironment" />
    <property name="os.arch" value="x86_64" />
    <property name="java.ext.dirs" value="/Library/Java/Extensions:/System/Library/Java/Extensions:/System/Library/Java/JavaVirtualMachines/1.6.0.jdk/Contents/Home/lib/ext" />
    <property name="ftp.proxyPort" value="8080" />
    <property name="user.dir" value="/Users/acinfotechinc/NewEclipse060514/Samp" />
    <property name="env.com.apple.java.jvmTask" value="JNI.java" />
    <property name="mrj.version" value="1060.1.6.0_65-462" />
    <property name="line.separator" value="
" />
    <property name="java.vm.name" value="Java HotSpot(TM) 64-Bit Server VM" />
    <property name="basedir" value="/Users/acinfotechinc/NewEclipse060514/Samp" />
    <property name="ant.java.version" value="1.6" />
    <property name="ant.core.lib" value="/Applications/eclipse/plugins/org.apache.ant_1.7.1.v20100518-1145/lib/ant.jar" />
    <property name="source" value="1.6" />
    <property name="file.encoding" value="MacRoman" />
    <property name="java.specification.version" value="1.6" />
  </properties>
  <testcase classname="com.selenium.Sele2" name="testUntitled2" time="32.041" />
  <system-out><![CDATA[]]></system-out>
  <system-err><![CDATA[]]></system-err>
</testsuite>
